"""Doctest for say_my_name function


Usage:
------------------------------------------------------------------
say_my_name(<first_name>, <last_name>)

Both paramters mut be a string and the second parameter is optional
-------------------------------------------------------------------

Import the module:
>>> say_my_name = __import__('3-say_my_name').say_my_name

Then test as follows:

>>> say_my_name()
Traceback (most recent call last):
  File "<stdin>", line 1, in <module>
TypeError: say_my_name() missing 1 required positional argument: 'first_name'

>>> say_my_name(1)
Traceback (most recent call last):
  File "<stdin>", line 1, in <module>
  File "/home/vagrant/alx-higher_level_programming/0x07-python-test_driven_development/3-say_my_name.py", line 9, in say_my_name
    raise TypeError("first_name must be a string")
TypeError: first_name must be a string

>>> say_my_name("John")
My name is John

>>> say_my_name("John", "Doe")
My name is John Doe

>>> say_my_name("John", "Doe", "Paul")
Traceback (most recent call last):
  File "<stdin>", line 1, in <module>
TypeError: say_my_name() takes from 1 to 2 positional arguments but 3 were given
